Flutter crash report.
Please report a bug at https://github.com/flutter/flutter/issues.

## command

flutter run --enable-software-rendering

## exception

ShaderCompilerException: ShaderCompilerException: Shader compilation of "C:\Users\WJY\flutter\packages\flutter\lib\src\material\shaders\ink_sparkle.frag" to "build\flutter_assets\shaders/ink_sparkle.frag" failed with exit code -1073740791.



```
#0      ShaderCompiler.compileShader (package:flutter_tools/src/build_system/targets/shader_compiler.dart:77:7)
<asynchronous suspension>
#1      writeBundle.<anonymous closure> (package:flutter_tools/src/bundle_builder.dart:184:25)
<asynchronous suspension>
#2      Future.wait.<anonymous closure> (dart:async/future.dart:522:21)
<asynchronous suspension>
#3      writeBundle (package:flutter_tools/src/bundle_builder.dart:162:3)
<asynchronous suspension>
#4      WebDevFS.update (package:flutter_tools/src/isolated/devfs_web.dart:843:9)
<asynchronous suspension>
#5      ResidentWebRunner._updateDevFS (package:flutter_tools/src/isolated/resident_web_runner.dart:488:35)
<asynchronous suspension>
#6      ResidentWebRunner.run.<anonymous closure> (package:flutter_tools/src/isolated/resident_web_runner.dart:283:41)
<asynchronous suspension>
#7      asyncGuard.<anonymous closure> (package:flutter_tools/src/base/async_guard.dart:111:24)
<asynchronous suspension>
```

## flutter doctor

```
[✓] Flutter (Channel stable, 3.3.1, on Microsoft Windows [Version 10.0.19044.2486], locale ko-KR)
    • Flutter version 3.3.1 on channel stable at C:\Users\WJY\flutter
    • Upstream repository https://github.com/flutter/flutter.git
    • Framework revision 4f9d92fbbd (5 months ago), 2022-09-06 17:54:53 -0700
    • Engine revision 3efdf03e73
    • Dart version 2.18.0
    • DevTools version 2.15.0

[✓] Android toolchain - develop for Android devices (Android SDK version 32.1.0-rc1)
    • Android SDK at C:\Users\WJY\AppData\Local\Android\sdk
    • Platform android-32, build-tools 32.1.0-rc1
    • Java binary at: C:\Program Files\Android\Android Studio\jre\bin\java
    • Java version OpenJDK Runtime Environment (build 11.0.11+9-b60-7590822)
    • All Android licenses accepted.

[✓] Chrome - develop for the web
    • Chrome at C:\Program Files\Google\Chrome\Application\chrome.exe

[✓] Visual Studio - develop for Windows (Visual Studio Community 2019 16.9.1)
    • Visual Studio at C:\Program Files (x86)\Microsoft Visual Studio\2019\Community
    • Visual Studio Community 2019 version 16.9.31105.61
    • Windows 10 SDK version 10.0.19041.0

[✓] Android Studio (version 2021.1)
    • Android Studio at C:\Program Files\Android\Android Studio
    • Flutter plugin can be installed from:
      🔨 https://plugins.jetbrains.com/plugin/9212-flutter
    • Dart plugin can be installed from:
      🔨 https://plugins.jetbrains.com/plugin/6351-dart
    • Java version OpenJDK Runtime Environment (build 11.0.11+9-b60-7590822)

[✓] VS Code (version 1.75.1)
    • VS Code at C:\Users\WJY\AppData\Local\Programs\Microsoft VS Code
    • Flutter extension version 3.58.0

[✓] Connected device (3 available)
    • Windows (desktop) • windows • windows-x64    • Microsoft Windows [Version 10.0.19044.2486]
    • Chrome (web)      • chrome  • web-javascript • Google Chrome 109.0.5414.121
    • Edge (web)        • edge    • web-javascript • Microsoft Edge 110.0.1587.41

[✓] HTTP Host Availability
    • All required HTTP hosts are available

• No issues found!
```
